[([31mE[m)]

ERROR in aaa.aaa-test (load.clj:35)
Failed to load namespace.
Exception: clojure.lang.Compiler$CompilerException: Syntax error compiling at (aaa/aaa_test.clj:1:1).
 at clojure.lang.Compiler.load (Compiler.java:7624)
    ...
    kaocha.type.ns$eval13086$fn__13087.invoke (ns.clj:20)
    ...
    kaocha.testable$load.invokeStatic (testable.clj:60)
    kaocha.testable$load.invoke (testable.clj:53)
    kaocha.testable$load_testables.invokeStatic (testable.clj:106)
    kaocha.testable$load_testables.invoke (testable.clj:98)
    kaocha.load$load_test_namespaces.invokeStatic (load.clj:35)
    kaocha.load$load_test_namespaces.invoke (load.clj:23)
    kaocha.type.clojure.test$eval13302$fn__13303.invoke (test.clj:12)
    ...
    kaocha.testable$load.invokeStatic (testable.clj:60)
    kaocha.testable$load.invoke (testable.clj:53)
    kaocha.testable$load_testables.invokeStatic (testable.clj:106)
    kaocha.testable$load_testables.invoke (testable.clj:98)
    kaocha.api$test_plan.invokeStatic (api.clj:32)
    kaocha.api$test_plan.invoke (api.clj:26)
    kaocha.api$run.invokeStatic (api.clj:57)
    kaocha.api$run.invoke (api.clj:45)
    kaocha.runner$_main_STAR_.invokeStatic (runner.clj:126)
    kaocha.runner$_main_STAR_.doInvoke (runner.clj:68)
    ...
    kaocha.runner$_main.invokeStatic (runner.clj:135)
    kaocha.runner$_main.doInvoke (runner.clj:133)
    ...
    clojure.main$main_opt.invokeStatic (main.clj:378)
    clojure.main$main_opt.invoke (main.clj:374)
    clojure.main$main.invokeStatic (main.clj:485)
    clojure.main$main.doInvoke (main.clj:448)
    ...
    clojure.main.main (main.java:37)
Caused by: java.io.FileNotFoundException: Could not locate aaa/aaa__init.class or aaa/aaa.clj on classpath.
 at clojure.lang.RT.load (RT.java:463)
    ...
    aaa.aaa_test$eval13335$loading__6539__auto____13336.invoke (aaa_test.clj:1)
    aaa.aaa_test$eval13335.invokeStatic (aaa_test.clj:1)
    aaa.aaa_test$eval13335.invoke (aaa_test.clj:1)
    ...
    kaocha.type.ns$eval13086$fn__13087.invoke (ns.clj:20)
    ...
    kaocha.testable$load.invokeStatic (testable.clj:60)
    kaocha.testable$load.invoke (testable.clj:53)
    kaocha.testable$load_testables.invokeStatic (testable.clj:106)
    kaocha.testable$load_testables.invoke (testable.clj:98)
    kaocha.load$load_test_namespaces.invokeStatic (load.clj:35)
    kaocha.load$load_test_namespaces.invoke (load.clj:23)
    kaocha.type.clojure.test$eval13302$fn__13303.invoke (test.clj:12)
    ...
    kaocha.testable$load.invokeStatic (testable.clj:60)
    kaocha.testable$load.invoke (testable.clj:53)
    kaocha.testable$load_testables.invokeStatic (testable.clj:106)
    kaocha.testable$load_testables.invoke (testable.clj:98)
    kaocha.api$test_plan.invokeStatic (api.clj:32)
    kaocha.api$test_plan.invoke (api.clj:26)
    kaocha.api$run.invokeStatic (api.clj:57)
    kaocha.api$run.invoke (api.clj:45)
    kaocha.runner$_main_STAR_.invokeStatic (runner.clj:126)
    kaocha.runner$_main_STAR_.doInvoke (runner.clj:68)
    ...
    kaocha.runner$_main.invokeStatic (runner.clj:135)
    kaocha.runner$_main.doInvoke (runner.clj:133)
    ...
    clojure.main$main_opt.invokeStatic (main.clj:378)
    clojure.main$main_opt.invoke (main.clj:374)
    clojure.main$main.invokeStatic (main.clj:485)
    clojure.main$main.doInvoke (main.clj:448)
    ...
    clojure.main.main (main.java:37)
[31m0 test vars, 1 assertions, 1 errors, 0 failures.[m
